Loading graph from file: data/web-Google.txt
Graph Statistics:
  Vertices: 916428
  Edges: 5105039
  Average degree: 5.57058
  Maximum degree: 456

Running Sequential BFS...
BFS Performance (Sequential):
  Source vertex: 0
  Execution time: 76.8833 ms
  Vertices visited: 5/916428 (0.00%)
  Maximum distance: 1
  Edges traversed: 5105039
  MTEPS: 66.40
Run 2: 0.09 ms
Run 3: 0.09 ms
Average Sequential BFS time: 25.69 ms

Running OpenMP BFS with 1 threads...
OpenMP results verified correct.
BFS Performance (OpenMP):
  Source vertex: 0
  Execution time: 0.10 ms
  Vertices visited: 5/916428 (0.00%)
  Maximum distance: 1
  Edges traversed: 5105039
  MTEPS: 49323.57
Speedup over sequential: 744.59x
Run 2: 0.10 ms
Run 3: 0.10 ms
Average OpenMP BFS time: 0.10 ms
Average speedup: 249.75x
