Loading graph from file: data/web-Google.txt
Graph Statistics:
  Vertices: 916428
  Edges: 5105039
  Average degree: 5.57058
  Maximum degree: 456

Running Sequential BFS...
BFS Performance (Sequential):
  Source vertex: 0
  Execution time: 73.44 ms
  Vertices visited: 5/916428 (0.00%)
  Maximum distance: 1
  Edges traversed: 5105039
  MTEPS: 69.51
Run 2: 0.08 ms
Run 3: 0.08 ms
Average Sequential BFS time: 24.54 ms

Running OpenMP BFS with 20 threads...
OpenMP results verified correct.
BFS Performance (OpenMP):
  Source vertex: 0
  Execution time: 25.34 ms
  Vertices visited: 5/916428 (0.00%)
  Maximum distance: 1
  Edges traversed: 5105039
  MTEPS: 201.44
Speedup over sequential: 2.90x
Run 2: 0.48 ms
Run 3: 0.17 ms
Average OpenMP BFS time: 8.66 ms
Average speedup: 2.83x
