Loading graph from file: data/web-Google.txt
Graph Statistics:
  Vertices: 916428
  Edges: 5105039
  Average degree: 5.57058
  Maximum degree: 456

Running Sequential BFS...
BFS Performance (Sequential):
  Source vertex: 0
  Execution time: 72.5373 ms
  Vertices visited: 5/916428 (0.00%)
  Maximum distance: 1
  Edges traversed: 5105039
  MTEPS: 70.38
Run 2: 0.08 ms
Run 3: 0.08 ms
Average Sequential BFS time: 24.23 ms

Running OpenMP BFS with 4 threads...
OpenMP results verified correct.
BFS Performance (OpenMP):
  Source vertex: 0
  Execution time: 0.37 ms
  Vertices visited: 5/916428 (0.00%)
  Maximum distance: 1
  Edges traversed: 5105039
  MTEPS: 13881.93
Speedup over sequential: 197.69x
Run 2: 0.09 ms
Run 3: 0.10 ms
Average OpenMP BFS time: 0.19 ms
Average speedup: 129.85x
